time=2025-07-19T17:09:42.811+03:00 level=INFO msg="config loaded"
time=2025-07-19T17:10:03.377+03:00 level=INFO msg="config loaded"
time=2025-07-20T20:56:26.550+03:00 level=INFO msg="config loaded"
time=2025-07-20T20:56:26.551+03:00 level=INFO msg="logger inisialised"
time=2025-07-20T20:56:26.551+03:00 level=INFO msg="Numbers have been read from JSON file"
time=2025-07-20T20:56:26.551+03:00 level=INFO msg="Total sum of numbers is" sum=46367
time=2025-07-20T20:56:27.494+03:00 level=INFO msg="The response is getted" host=example.com "status code"=200
time=2025-07-20T21:00:04.886+03:00 level=INFO msg="config loaded"
time=2025-07-20T21:00:04.886+03:00 level=INFO msg="logger inisialised"
time=2025-07-20T21:00:04.886+03:00 level=INFO msg="Numbers have been read from JSON file"
time=2025-07-20T21:00:04.886+03:00 level=INFO msg="Total sum of numbers is" sum=46367
time=2025-07-20T21:00:05.843+03:00 level=INFO msg="The response is getted" host=example.com "status code"=200
time=2025-07-20T21:00:16.723+03:00 level=INFO msg="config loaded"
time=2025-07-20T21:00:16.723+03:00 level=INFO msg="logger inisialised"
time=2025-07-20T21:00:16.724+03:00 level=INFO msg="Numbers have been read from JSON file"
time=2025-07-20T21:00:16.724+03:00 level=INFO msg="Total sum of numbers is" sum=46367
time=2025-07-20T21:00:16.724+03:00 level=ERROR msg="failed to get response" url=""
time=2025-07-20T22:15:55.910+03:00 level=INFO msg="config loaded"
time=2025-07-20T22:15:55.911+03:00 level=INFO msg="logger inisialised"
time=2025-07-20T22:15:55.911+03:00 level=INFO msg="Numbers have been read from JSON file"
time=2025-07-20T22:15:55.911+03:00 level=INFO msg="Total sum of numbers is" sum=46367
time=2025-07-20T22:15:55.911+03:00 level=ERROR msg="failed to get response" url=""
time=2025-07-20T22:16:17.069+03:00 level=INFO msg="config loaded"
time=2025-07-20T22:16:17.070+03:00 level=INFO msg="logger inisialised"
time=2025-07-20T22:16:17.070+03:00 level=INFO msg="Numbers have been read from JSON file"
time=2025-07-20T22:16:17.070+03:00 level=INFO msg="Total sum of numbers is" sum=46367
time=2025-07-20T22:16:17.984+03:00 level=INFO msg="The response is getted" host=example.com "status code"=200
